<?xml version="1.0" encoding="UTF-8"?>
<!-- Generated by org.testng.reporters.JUnitReportReporter -->
<testsuite skipped="0" hostname="LAPTOP-K3RFJ3P7" name="ups.pack.testRunner.UpsShippingTest" tests="1" failures="0" timestamp="04 Dec 2019 15:49:08 GMT" time="2.468" errors="0">
  <testcase name="shippingTest" time="2.468" classname="ups.pack.testRunner.UpsShippingTest"/>
</testsuite> <!-- ups.pack.testRunner.UpsShippingTest -->
