<?xml version="1.0" encoding="UTF-8"?>
<!-- Generated by org.testng.reporters.JUnitReportReporter -->
<testsuite skipped="0" hostname="LAPTOP-K3RFJ3P7" name="ups.pack.testRunner.UpsServiceTest" tests="1" failures="0" timestamp="14 Dec 2019 17:25:49 GMT" time="1.883" errors="0">
  <testcase name="serviceTest" time="1.883" classname="ups.pack.testRunner.UpsServiceTest"/>
</testsuite> <!-- ups.pack.testRunner.UpsServiceTest -->
