<?xml version="1.0" encoding="UTF-8"?>
<!-- Generated by org.testng.reporters.JUnitReportReporter -->
<testsuite skipped="0" hostname="LAPTOP-K3RFJ3P7" name="ups.pack.testRunner.UpsTrackingTest" tests="1" failures="0" timestamp="04 Dec 2019 15:49:08 GMT" time="0.510" errors="0">
  <testcase name="trackingTest" time="0.510" classname="ups.pack.testRunner.UpsTrackingTest"/>
</testsuite> <!-- ups.pack.testRunner.UpsTrackingTest -->
